<?xml version='1.0' encoding='utf8'?>
<testsuites name="/home/gabriel/Documents/PaxOS-9" platformio_version="6.1.18" tests="7" errors="0" failures="0" time="47.84373068809509"><testsuite name="paxo-v5:*" tests="0" errors="0" failures="0" skipped="0" time="0" /><testsuite name="windows:*" tests="0" errors="0" failures="0" skipped="0" time="0" /><testsuite name="windows-build-only:*" tests="0" errors="0" failures="0" skipped="0" time="0" /><testsuite name="linux:*" tests="7" errors="0" failures="0" skipped="0" time="47.84373068809509" timestamp="2025-07-17T18:06:25"><testcase name="ContactsTest.AddContacts" time="0" status="PASSED" /><testcase name="ContactsTest.GetContact" time="0" status="PASSED" /><testcase name="ConversationTest.SaveLoadConversation" time="0" status="PASSED" /><testcase name="I18NTest.Translations1" time="0" status="PASSED" /><testcase name="I18NTest.Translations2" time="0" status="PASSED" /><testcase name="StorageTest.PathTest" time="0" status="PASSED" /><testcase name="StorageTest.StreamTest" time="0" status="PASSED" /></testsuite><testsuite name="macos:*" tests="0" errors="0" failures="0" skipped="0" time="0" /><testsuite name="test:*" tests="0" errors="0" failures="0" skipped="0" time="0" /></testsuites>